INFO: latexindent version 3.8.3, 2020-11-06, a script to indent .tex files
      latexindent lives here: /home/fouche/texlive/texmf-dist/scripts/latexindent/
      Tue Mar  8 15:45:02 2022
      Filename: main.tex
INFO: Processing switches:
      -w|--overwrite: Overwrite mode active, will make a back up of main.tex first
INFO: Directory for backup files and indent.log: .
INFO: YAML settings read: defaultSettings.yaml
      Reading defaultSettings.yaml from /home/fouche/texlive/texmf-dist/scripts/latexindent/defaultSettings.yaml
INFO: YAML settings read: indentconfig.yaml or .indentconfig.yaml
      Home directory is /home/fouche (didn't find either indentconfig.yaml or .indentconfig.yaml)
      To specify user settings you would put indentconfig.yaml here: /home/fouche/indentconfig.yaml
      Alternatively, you can use the hidden file .indentconfig.yaml as: /home/fouche/.indentconfig.yaml
INFO: Backup procedure (-w flag active):
      copying main.tex to ./main.bak0
      Backup file: ./main.bak0
      main.tex will be overwritten after indentation
INFO: Phase 1: searching for objects
INFO: Phase 2: finding surrounding indentation
INFO: Phase 3: indenting objects
INFO: Phase 4: final indentation check
INFO: Output routine:
      Overwriting file main.tex
      --------------
INFO: Please direct all communication/issues to:
      https://github.com/cmhughes/latexindent.pl
